{"/home/mhackeedev/__WORK/__DEV_MASTERY__/images-fetcher-app/client/src/features/photos/PhotoComponent.tsx": {"path":"/home/mhackeedev/__WORK/__DEV_MASTERY__/images-fetcher-app/client/src/features/photos/PhotoComponent.tsx","all":false,"statementMap":{"0":{"start":{"line":1,"column":0},"end":{"line":1,"column":39}},"1":{"start":{"line":2,"column":0},"end":{"line":2,"column":42}},"2":{"start":{"line":3,"column":0},"end":{"line":3,"column":19}},"3":{"start":{"line":4,"column":0},"end":{"line":4,"column":15}},"4":{"start":{"line":5,"column":0},"end":{"line":5,"column":2}},"5":{"start":{"line":6,"column":0},"end":{"line":6,"column":0}},"6":{"start":{"line":7,"column":0},"end":{"line":7,"column":51}},"7":{"start":{"line":8,"column":0},"end":{"line":8,"column":10}},"8":{"start":{"line":9,"column":0},"end":{"line":9,"column":80}},"9":{"start":{"line":10,"column":0},"end":{"line":10,"column":63}},"10":{"start":{"line":11,"column":0},"end":{"line":11,"column":17}},"11":{"start":{"line":12,"column":0},"end":{"line":12,"column":46}},"12":{"start":{"line":13,"column":0},"end":{"line":13,"column":18}},"13":{"start":{"line":14,"column":0},"end":{"line":14,"column":11}},"14":{"start":{"line":15,"column":0},"end":{"line":15,"column":4}},"15":{"start":{"line":16,"column":0},"end":{"line":16,"column":2}},"16":{"start":{"line":17,"column":0},"end":{"line":17,"column":0}},"17":{"start":{"line":18,"column":0},"end":{"line":18,"column":30}}},"s":{"0":1,"1":1,"2":1,"3":1,"4":1,"5":1,"6":1,"7":1,"8":1,"9":1,"10":1,"11":1,"12":1,"13":1,"14":1,"15":1,"16":1,"17":1},"branchMap":{"0":{"type":"branch","line":7,"loc":{"start":{"line":7,"column":23},"end":{"line":16,"column":2}},"locations":[{"start":{"line":7,"column":23},"end":{"line":16,"column":2}}]}},"b":{"0":[1]},"fnMap":{"0":{"name":"PhotoComponent","decl":{"start":{"line":7,"column":23},"end":{"line":16,"column":2}},"loc":{"start":{"line":7,"column":23},"end":{"line":16,"column":2}},"line":7}},"f":{"0":1}}
}
